I170916 09:17:52.286107 72057594054705152 util/log/clog.go:1013  [config] file created at: 2017/09/16 09:17:52
I170916 09:17:52.286107 72057594054705152 util/log/clog.go:1013  [config] running on machine: v1020-wn-0-19
I170916 09:17:52.286107 72057594054705152 util/log/clog.go:1013  [config] binary: CockroachDB CCL v1.0.6 (darwin amd64, built 2017/09/15 13:34:40, go1.9)
I170916 09:17:52.286107 72057594054705152 util/log/clog.go:1013  [config] arguments: [cockroach start --insecure --host=localhost]
I170916 09:17:52.286107 72057594054705152 util/log/clog.go:1013  line format: [IWEF]yymmdd hh:mm:ss.uuuuuu goid file:line msg utf8=✓
W170916 09:17:52.286104 72057594054705152 cli/start.go:581  RUNNING IN INSECURE MODE!

- Your cluster is open for any client that can access localhost.
- Any user, even root, can log in without providing a password.
- Any user, connecting as root, can read or write any data in your cluster.
- There is no network encryption nor authentication, and thus no confidentiality.

Check out how to secure your cluster: https://www.cockroachlabs.com/docs/secure-a-cluster.html
I170916 09:17:52.286766 72057594054705152 cli/start.go:593  CockroachDB CCL v1.0.6 (darwin amd64, built 2017/09/15 13:34:40, go1.9)
I170916 09:17:52.388066 72057594054705152 server/config.go:375  system total memory: 8.0 GiB
I170916 09:17:52.388237 72057594054705152 server/config.go:377  server configuration:
max offset                   500ms
cache size                   2.0 GiB
SQL memory pool size         2.0 GiB
scan interval                10m0s
scan max idle time           200ms
consistency check interval   24h0m0s
metrics sample interval      10s
time until store dead        5m0s
send next timeout            10m0s
event log enabled            true
linearizable                 false
I170916 09:17:52.388378 cli/start.go:340  starting cockroach node
W170916 09:17:52.394222 72057594054705152 server/config_unix.go:103  soft open file descriptor limit 10240 is under the recommended limit 15000; this may decrease performance
please see https://www.cockroachlabs.com/docs/recommended-production-settings.html for more details
I170916 09:17:52.394413 72057594054705152 storage/engine/rocksdb.go:380  opening rocksdb instance at "/Users/Brandon/Desktop/Projects/theorm-eter/cockroach-data"
I170916 09:17:52.407166 72057594054705152 server/config.go:474  [n?] 1 storage engine initialized
I170916 09:17:52.407186 72057594054705152 server/config.go:477  [n?] RocksDB cache size: 2.0 GiB
I170916 09:17:52.407195 72057594054705152 server/config.go:477  [n?] store 0: RocksDB, max size 0 B, max open file limit 9984
I170916 09:17:52.407797 72057594054705152 server/server.go:672  [n?] sleeping for 484.642614ms to guarantee HLC monotonicity
I170916 09:17:52.897046 72057594054705152 storage/store.go:1253  [n1] [n1,s1]: failed initial metrics computation: [n1,s1]: system config not yet available
W170916 09:17:52.897096 storage/store.go:1340  [n1,s1,r5/1:/Table/{0-11}] could not gossip system config: [NotLeaseHolderError] r5: replica (n1,s1):1 not lease holder; lease holder unknown
I170916 09:17:52.897139 72057594054705152 server/node.go:467  [n1] initialized store [n1,s1]: {Capacity:120124866560 Available:18310942720 RangeCount:10 LeaseCount:0}
I170916 09:17:52.897180 72057594054705152 server/node.go:351  [n1] node ID 1 initialized
I170916 09:17:52.897319 72057594054705152 gossip/gossip.go:297  [n1] NodeDescriptor set to node_id:1 address:<network_field:"tcp" address_field:"localhost:26257" > attrs:<> locality:<> 
I170916 09:17:52.897660 72057594054705152 storage/stores.go:296  [n1] read 0 node addresses from persistent storage
I170916 09:17:52.898788 72057594054705152 server/node.go:608  [n1] connecting to gossip network to verify cluster ID...
I170916 09:17:52.898825 72057594054705152 server/node.go:633  [n1] node connected via gossip and verified as part of cluster "23f76f30-bd56-48f4-b300-a8ad32372f18"
I170916 09:17:52.898889 72057594054705152 server/node.go:405  [n1] node=1: started with [[]=/Users/Brandon/Desktop/Projects/theorm-eter/cockroach-data] engine(s) and attributes []
I170916 09:17:52.899014 72057594037927936 sql/executor.go:338  [n1] creating distSQLPlanner with address {tcp localhost:26257}
I170916 09:17:52.903227 72057594054705152 server/server.go:735  [n1] starting http server at localhost:8080
I170916 09:17:52.903248 72057594054705152 server/server.go:736  [n1] starting grpc/postgres server at localhost:26257
I170916 09:17:52.903264 72057594054705152 server/server.go:737  [n1] advertising CockroachDB node at localhost:26257
I170916 09:17:52.904554 72057594054705152 server/server.go:847  [n1] done ensuring all necessary migrations have run
I170916 09:17:52.904576 72057594054705152 server/server.go:849  [n1] serving sql connections
I170916 09:17:52.904824 72057594054705152 cli/start.go:411  node startup completed:
CockroachDB node starting at 2017-09-16 09:17:52.904724182 -0400 EDT m=+0.645214709
build:      CCL v1.0.6 @ 2017/09/15 13:34:40 (go1.9)
admin:      http://localhost:8080
sql:        postgresql://root@localhost:26257?sslmode=disable
logs:       /Users/Brandon/Desktop/Projects/theorm-eter/cockroach-data/logs
store[0]:   path=/Users/Brandon/Desktop/Projects/theorm-eter/cockroach-data
status:     restarted pre-existing node
clusterID:  23f76f30-bd56-48f4-b300-a8ad32372f18
nodeID:     1
I170916 09:17:52.907688 72057594054705152 storage/replica_proposal.go:415  [n1,s1,r3/1:/System/ts{d-e}] new range lease repl=(n1,s1):1 start=0.000000000,0 epo=2 pro=1505567872.905230346,0 following repl=(n1,s1):1 start=0.000000000,0 epo=2 pro=1505567746.946392875,0
I170916 09:17:52.910379 72057594054705152 storage/replica_proposal.go:415  [n1,s1,r3/1:/System/ts{d-e}] new range lease repl=(n1,s1):1 start=0.000000000,0 epo=3 pro=1505567872.907965466,0 following repl=(n1,s1):1 start=0.000000000,0 epo=2 pro=1505567872.905230346,0
I170916 09:17:52.910397 72057594054705152 storage/replica_proposal.go:415  [n1,s1,r5/1:/Table/{0-11}] new range lease repl=(n1,s1):1 start=0.000000000,0 epo=3 pro=1505567872.906948780,0 following repl=(n1,s1):1 start=0.000000000,0 epo=2 pro=1505567746.360362541,0
I170916 09:17:52.914156 72057594054705152 storage/replica_proposal.go:415  [n1,s1,r7/1:/Table/1{2-3}] new range lease repl=(n1,s1):1 start=0.000000000,0 epo=3 pro=1505567872.912393401,0 following repl=(n1,s1):1 start=0.000000000,0 epo=2 pro=1505567746.363189172,0
I170916 09:17:52.917365 72057594054705152 sql/event_log.go:96  [n1] Event: "node_restart", target: 1, info: {Descriptor:{NodeID:1 Address:{NetworkField:tcp AddressField:localhost:26257} Attrs: Locality:} ClusterID:23f76f30-bd56-48f4-b300-a8ad32372f18 StartedAt:1505567872898827984 LastUp:1505567756545717877}
I170916 09:17:53.904722 72057594054705152 storage/replica_proposal.go:415  [n1,s1,r10/1:/{Table/15-Max}] new range lease repl=(n1,s1):1 start=0.000000000,0 epo=3 pro=1505567873.902170155,0 following repl=(n1,s1):1 start=0.000000000,0 epo=2 pro=1505567746.745907566,0
I170916 09:17:54.104803 72057594054705152 storage/replica_proposal.go:415  [n1,s1,r8/1:/Table/1{3-4}] new range lease repl=(n1,s1):1 start=0.000000000,0 epo=3 pro=1505567874.102685206,0 following repl=(n1,s1):1 start=0.000000000,0 epo=2 pro=1505567748.152071519,0
I170916 09:17:54.305649 72057594054705152 storage/replica_proposal.go:415  [n1,s1,r9/1:/Table/1{4-5}] new range lease repl=(n1,s1):1 start=0.000000000,0 epo=3 pro=1505567874.303580307,0 following repl=(n1,s1):1 start=0.000000000,0 epo=2 pro=1505567747.549980680,0
I170916 09:17:54.507895 72057594054705152 storage/replica_proposal.go:415  [n1,s1,r4/1:/{System/tse-Table/0}] new range lease repl=(n1,s1):1 start=0.000000000,0 epo=3 pro=1505567874.504766956,0 following repl=(n1,s1):1 start=0.000000000,0 epo=2 pro=1505567746.545232781,0
I170916 09:17:54.908898 72057594054705152 storage/replica_proposal.go:415  [n1,s1,r6/1:/Table/1{1-2}] new range lease repl=(n1,s1):1 start=0.000000000,0 epo=3 pro=1505567874.906775739,0 following repl=(n1,s1):1 start=0.000000000,0 epo=2 pro=1505567747.750739701,0
W170916 09:18:02.900697 72057594054705152 server/status/runtime.go:184  [n1] unable to get file descriptor usage (will not try again): not implemented on darwin
I170916 09:18:02.900758 72057594054705152 storage/store.go:4034  [n1,s1] sstables (read amplification = 1):
6 [ 124K 1 ]: 124K
I170916 09:18:02.901069 72057594054705152 server/status/runtime.go:221  [n1] runtime stats: 28 MiB RSS, 120 goroutines, 10 MiB/2.3 MiB/20 MiB GO alloc/idle/total, 5.9 MiB/12 MiB CGO alloc/total, 0.00cgo/sec, 0.00/0.00 %(u/s)time, 0.00 %gc (7x)
I170916 09:18:12.900291 72057594054705152 server/status/runtime.go:221  [n1] runtime stats: 39 MiB RSS, 120 goroutines, 8.9 MiB/6.8 MiB/24 MiB GO alloc/idle/total, 5.8 MiB/12 MiB CGO alloc/total, 58.30cgo/sec, 0.01/0.00 %(u/s)time, 0.00 %gc (1x)
I170916 09:18:22.903059 72057594054705152 server/status/runtime.go:221  [n1] runtime stats: 41 MiB RSS, 120 goroutines, 14 MiB/1.4 MiB/24 MiB GO alloc/idle/total, 5.9 MiB/12 MiB CGO alloc/total, 59.18cgo/sec, 0.00/0.00 %(u/s)time, 0.00 %gc (0x)
I170916 09:18:32.902221 72057594054705152 server/status/runtime.go:221  [n1] runtime stats: 43 MiB RSS, 120 goroutines, 12 MiB/4.2 MiB/25 MiB GO alloc/idle/total, 6.0 MiB/12 MiB CGO alloc/total, 58.31cgo/sec, 0.01/0.00 %(u/s)time, 0.00 %gc (1x)
I170916 09:18:42.906209 72057594054705152 server/status/runtime.go:221  [n1] runtime stats: 42 MiB RSS, 120 goroutines, 11 MiB/5.9 MiB/25 MiB GO alloc/idle/total, 6.2 MiB/13 MiB CGO alloc/total, 66.60cgo/sec, 0.01/0.00 %(u/s)time, 0.00 %gc (1x)
